-------------------------------------------------------------------------------
Test set: com.phone.directory.DirectoryApplicationTests
-------------------------------------------------------------------------------
Tests run: 1, Failures: 0, Errors: 1, Skipped: 0, Time elapsed: 7.312 s <<< FAILURE! - in com.phone.directory.DirectoryApplicationTests
contextLoads  Time elapsed: 0.002 s  <<< ERROR!
java.lang.IllegalStateException: Failed to load ApplicationContext
Caused by: org.springframework.beans.factory.UnsatisfiedDependencyException: Error creating bean with name 'mainController': Unsatisfied dependency expressed through field 'directoryRepository'; nested exception is org.springframework.beans.factory.BeanCreationException: Error creating bean with name 'directoryRepository' defined in com.phone.directory.repository.DirectoryRepository defined in @EnableJpaRepositories declared on JpaRepositoriesRegistrar.EnableJpaRepositoriesConfiguration: Invocation of init method failed; nested exception is org.springframework.data.repository.query.QueryCreationException: Could not create query for public abstract java.util.List com.phone.directory.repository.DirectoryRepository.findByNameOrPhoneOrAdress(java.lang.String)! Reason: Failed to create query for method public abstract java.util.List com.phone.directory.repository.DirectoryRepository.findByNameOrPhoneOrAdress(java.lang.String)! Method public abstract java.util.List com.phone.directory.repository.DirectoryRepository.findByNameOrPhoneOrAdress(java.lang.String) expects at least 2 arguments but only found 1. This leaves an operator of type SIMPLE_PROPERTY for property phone unbound.; nested exception is java.lang.IllegalArgumentException: Failed to create query for method public abstract java.util.List com.phone.directory.repository.DirectoryRepository.findByNameOrPhoneOrAdress(java.lang.String)! Method public abstract java.util.List com.phone.directory.repository.DirectoryRepository.findByNameOrPhoneOrAdress(java.lang.String) expects at least 2 arguments but only found 1. This leaves an operator of type SIMPLE_PROPERTY for property phone unbound.
Caused by: org.springframework.beans.factory.BeanCreationException: Error creating bean with name 'directoryRepository' defined in com.phone.directory.repository.DirectoryRepository defined in @EnableJpaRepositories declared on JpaRepositoriesRegistrar.EnableJpaRepositoriesConfiguration: Invocation of init method failed; nested exception is org.springframework.data.repository.query.QueryCreationException: Could not create query for public abstract java.util.List com.phone.directory.repository.DirectoryRepository.findByNameOrPhoneOrAdress(java.lang.String)! Reason: Failed to create query for method public abstract java.util.List com.phone.directory.repository.DirectoryRepository.findByNameOrPhoneOrAdress(java.lang.String)! Method public abstract java.util.List com.phone.directory.repository.DirectoryRepository.findByNameOrPhoneOrAdress(java.lang.String) expects at least 2 arguments but only found 1. This leaves an operator of type SIMPLE_PROPERTY for property phone unbound.; nested exception is java.lang.IllegalArgumentException: Failed to create query for method public abstract java.util.List com.phone.directory.repository.DirectoryRepository.findByNameOrPhoneOrAdress(java.lang.String)! Method public abstract java.util.List com.phone.directory.repository.DirectoryRepository.findByNameOrPhoneOrAdress(java.lang.String) expects at least 2 arguments but only found 1. This leaves an operator of type SIMPLE_PROPERTY for property phone unbound.
Caused by: org.springframework.data.repository.query.QueryCreationException: Could not create query for public abstract java.util.List com.phone.directory.repository.DirectoryRepository.findByNameOrPhoneOrAdress(java.lang.String)! Reason: Failed to create query for method public abstract java.util.List com.phone.directory.repository.DirectoryRepository.findByNameOrPhoneOrAdress(java.lang.String)! Method public abstract java.util.List com.phone.directory.repository.DirectoryRepository.findByNameOrPhoneOrAdress(java.lang.String) expects at least 2 arguments but only found 1. This leaves an operator of type SIMPLE_PROPERTY for property phone unbound.; nested exception is java.lang.IllegalArgumentException: Failed to create query for method public abstract java.util.List com.phone.directory.repository.DirectoryRepository.findByNameOrPhoneOrAdress(java.lang.String)! Method public abstract java.util.List com.phone.directory.repository.DirectoryRepository.findByNameOrPhoneOrAdress(java.lang.String) expects at least 2 arguments but only found 1. This leaves an operator of type SIMPLE_PROPERTY for property phone unbound.
Caused by: java.lang.IllegalArgumentException: Failed to create query for method public abstract java.util.List com.phone.directory.repository.DirectoryRepository.findByNameOrPhoneOrAdress(java.lang.String)! Method public abstract java.util.List com.phone.directory.repository.DirectoryRepository.findByNameOrPhoneOrAdress(java.lang.String) expects at least 2 arguments but only found 1. This leaves an operator of type SIMPLE_PROPERTY for property phone unbound.
Caused by: java.lang.IllegalStateException: Method public abstract java.util.List com.phone.directory.repository.DirectoryRepository.findByNameOrPhoneOrAdress(java.lang.String) expects at least 2 arguments but only found 1. This leaves an operator of type SIMPLE_PROPERTY for property phone unbound.

